<?xml version='1.0' encoding='UTF-8'?>
<testsuite hostname="pop-os" name="miniscala.test.CPSOptimizer_Greybox" tests="42" errors="0" failures="1" skipped="0" time="0.225" timestamp="2022-11-07T13:28:25">
                     <properties>
[...]
</properties>
                     <testcase classname="miniscala.test.CPSOptimizer_Greybox" name="testConstantFoldingCharInt" time="0.013">
                                                 
                                               </testcase><testcase classname="miniscala.test.CPSOptimizer_Greybox" name="testNeutralElementsDivOne" time="0.008">
                                                 
                                               </testcase><testcase classname="miniscala.test.CPSOptimizer_Greybox" name="testFunInliningRecursiveTrick" time="0.007">
                                                 
                                               </testcase><testcase classname="miniscala.test.CPSOptimizer_Greybox" name="testDCEFunsRecursive3WithEtaReduction" time="0.006">
                                                 
                                               </testcase><testcase classname="miniscala.test.CPSOptimizer_Greybox" name="testInliningConstantFoldingDCE" time="0.009">
                                                 
                                               </testcase><testcase classname="miniscala.test.CPSOptimizer_Greybox" name="testConstantPropagationSimple" time="0.007">
                                                 
                                               </testcase><testcase classname="miniscala.test.CPSOptimizer_Greybox" name="testNeutralElementsMulZero1" time="0.003">
                                                 
                                               </testcase><testcase classname="miniscala.test.CPSOptimizer_Greybox" name="testNeutralElementsMulZero2" time="0.003">
                                                 
                                               </testcase><testcase classname="miniscala.test.CPSOptimizer_Greybox" name="testFunInlining" time="0.003">
                                                 
                                               </testcase><testcase classname="miniscala.test.CPSOptimizer_Greybox" name="testConstantFoldingDiv" time="0.003">
                                                 
                                               </testcase><testcase classname="miniscala.test.CPSOptimizer_Greybox" name="testConstantFoldingMod" time="0.006">
                                                 
                                               </testcase><testcase classname="miniscala.test.CPSOptimizer_Greybox" name="testCommonSubexpressionEliminationSimpleBlockTag" time="0.012">
                                                 
                                               </testcase><testcase classname="miniscala.test.CPSOptimizer_Greybox" name="testConstantFoldingBooleanAnd" time="0.002">
                                                 
                                               </testcase><testcase classname="miniscala.test.CPSOptimizer_Greybox" name="testEtaReductionInfintelyRecursiveFunction" time="0.016">
                                                 <failure message="java.lang.AssertionError: assertion failed: Checks failed for: 
def f(x: Int): Int = g(x); def g(x: Int): Int = f(x); if (getchar() == -1) g(3) else 0
Statistics:
Instruction Stats
=================
       5  LetL
       4  LetP
       3  LetC
       1  LetF
       1  AppC
       1  If
       1  Halt

Value Primitives Stats
======================
       1  CPSOr$
       1  CPSByteRead$
       1  CPSArithShiftR$
       1  CPSArithShiftL$

Logic Primitives Stats
======================
       1  CPSEq$

Functions defined: 2
Continuations defined: 3
" type="sbt.ForkMain$ForkError">sbt.ForkMain$ForkError: java.lang.AssertionError: assertion failed: Checks failed for: 
def f(x: Int): Int = g(x); def g(x: Int): Int = f(x); if (getchar() == -1) g(3) else 0
Statistics:
Instruction Stats
=================
       5  LetL
       4  LetP
       3  LetC
       1  LetF
       1  AppC
       1  If
       1  Halt

Value Primitives Stats
======================
       1  CPSOr$
       1  CPSByteRead$
       1  CPSArithShiftR$
       1  CPSArithShiftL$

Logic Primitives Stats
======================
       1  CPSEq$

Functions defined: 2
Continuations defined: 3

	at scala.Predef$.assert(Predef.scala:223)
	at miniscala.test.infrastructure.CPSOptTest.testCPSOptStats(CPSOptTest.scala:63)
	at miniscala.test.infrastructure.CPSOptTest.testCPSOptEarly(CPSOptTest.scala:67)
	at miniscala.test.CPSOptimizer_Greybox.testEtaReductionInfintelyRecursiveFunction(CPSOptimizer_Greybox.scala:20)
	at java.base/jdk.internal.reflect.NativeMethodAccessorImpl.invoke0(Native Method)
	at java.base/jdk.internal.reflect.NativeMethodAccessorImpl.invoke(NativeMethodAccessorImpl.java:62)
	at java.base/jdk.internal.reflect.DelegatingMethodAccessorImpl.invoke(DelegatingMethodAccessorImpl.java:43)
	at java.base/java.lang.reflect.Method.invoke(Method.java:566)
	at org.junit.runners.model.FrameworkMethod$1.runReflectiveCall(FrameworkMethod.java:47)
	at org.junit.internal.runners.model.ReflectiveCallable.run(ReflectiveCallable.java:12)
	at org.junit.runners.model.FrameworkMethod.invokeExplosively(FrameworkMethod.java:44)
	at org.junit.internal.runners.statements.InvokeMethod.evaluate(InvokeMethod.java:17)
	at org.junit.runners.ParentRunner.runLeaf(ParentRunner.java:271)
	at org.junit.runners.BlockJUnit4ClassRunner.runChild(BlockJUnit4ClassRunner.java:70)
	at org.junit.runners.BlockJUnit4ClassRunner.runChild(BlockJUnit4ClassRunner.java:50)
	at org.junit.runners.ParentRunner$3.run(ParentRunner.java:238)
	at org.junit.runners.ParentRunner$1.schedule(ParentRunner.java:63)
	at org.junit.runners.ParentRunner.runChildren(ParentRunner.java:236)
	at org.junit.runners.ParentRunner.access$000(ParentRunner.java:53)
	at org.junit.runners.ParentRunner$2.evaluate(ParentRunner.java:229)
	at org.junit.runners.ParentRunner.run(ParentRunner.java:309)
	at org.junit.runners.Suite.runChild(Suite.java:127)
	at org.junit.runners.Suite.runChild(Suite.java:26)
	at org.junit.runners.ParentRunner$3.run(ParentRunner.java:238)
	at org.junit.runners.ParentRunner$1.schedule(ParentRunner.java:63)
	at org.junit.runners.ParentRunner.runChildren(ParentRunner.java:236)
	at org.junit.runners.ParentRunner.access$000(ParentRunner.java:53)
	at org.junit.runners.ParentRunner$2.evaluate(ParentRunner.java:229)
	at org.junit.runners.ParentRunner.run(ParentRunner.java:309)
	at org.junit.runner.JUnitCore.run(JUnitCore.java:160)
	at org.junit.runner.JUnitCore.run(JUnitCore.java:138)
	at com.novocode.junit.JUnitRunner$1.execute(JUnitRunner.java:132)
	at sbt.ForkMain$Run.lambda$runTest$1(ForkMain.java:304)
	at java.base/java.util.concurrent.FutureTask.run(FutureTask.java:264)
	at java.base/java.util.concurrent.ThreadPoolExecutor.runWorker(ThreadPoolExecutor.java:1128)
	at java.base/java.util.concurrent.ThreadPoolExecutor$Worker.run(ThreadPoolExecutor.java:628)
	at java.base/java.lang.Thread.run(Thread.java:829)
</failure>
                                               </testcase><testcase classname="miniscala.test.CPSOptimizer_Greybox" name="testConstantFoldingIntChar" time="0.002">
                                                 
                                               </testcase><testcase classname="miniscala.test.CPSOptimizer_Greybox" name="testConstantFoldingIntPNot" time="0.003">
                                                 
                                               </testcase><testcase classname="miniscala.test.CPSOptimizer_Greybox" name="testConstantFoldDCEContinuations" time="0.003">
                                                 
                                               </testcase><testcase classname="miniscala.test.CPSOptimizer_Greybox" name="testConstantFoldingIntP" time="0.004">
                                                 
                                               </testcase><testcase classname="miniscala.test.CPSOptimizer_Greybox" name="testConstantFoldingPlus" time="0.003">
                                                 
                                               </testcase><testcase classname="miniscala.test.CPSOptimizer_Greybox" name="testFunInliningInsideFunctionBodyDifferentLetRecs" time="0.003">
                                                 
                                               </testcase><testcase classname="miniscala.test.CPSOptimizer_Greybox" name="testFunInlingAndDCE" time="0.002">
                                                 
                                               </testcase><testcase classname="miniscala.test.CPSOptimizer_Greybox" name="testConstantFoldingTypePrims" time="0.021">
                                                 
                                               </testcase><testcase classname="miniscala.test.CPSOptimizer_Greybox" name="testDCEFunsRecursive1" time="0.004">
                                                 
                                               </testcase><testcase classname="miniscala.test.CPSOptimizer_Greybox" name="testDCEFunsRecursive2" time="0.003">
                                                 
                                               </testcase><testcase classname="miniscala.test.CPSOptimizer_Greybox" name="testConstantCapturingInFunction1" time="0.008">
                                                 
                                               </testcase><testcase classname="miniscala.test.CPSOptimizer_Greybox" name="testConstantCapturingInFunction2" time="0.006">
                                                 
                                               </testcase><testcase classname="miniscala.test.CPSOptimizer_Greybox" name="testNeutralElementsSubItself" time="0.002">
                                                 
                                               </testcase><testcase classname="miniscala.test.CPSOptimizer_Greybox" name="testConstantFoldingMinus" time="0.003">
                                                 
                                               </testcase><testcase classname="miniscala.test.CPSOptimizer_Greybox" name="testConstantFoldingTimes" time="0.003">
                                                 
                                               </testcase><testcase classname="miniscala.test.CPSOptimizer_Greybox" name="testNeutralElementsAddZero1" time="0.003">
                                                 
                                               </testcase><testcase classname="miniscala.test.CPSOptimizer_Greybox" name="testNeutralElementsAddZero2" time="0.005">
                                                 
                                               </testcase><testcase classname="miniscala.test.CPSOptimizer_Greybox" name="testCommonSubexpressionEliminationComplexBlockTag" time="0.011">
                                                 
                                               </testcase><testcase classname="miniscala.test.CPSOptimizer_Greybox" name="testDCELetPrimitive" time="0.003">
                                                 
                                               </testcase><testcase classname="miniscala.test.CPSOptimizer_Greybox" name="testNeutralElementsMulOne1" time="0.004">
                                                 
                                               </testcase><testcase classname="miniscala.test.CPSOptimizer_Greybox" name="testNeutralElementsMulOne2" time="0.003">
                                                 
                                               </testcase><testcase classname="miniscala.test.CPSOptimizer_Greybox" name="testEtaReduction" time="0.006">
                                                 
                                               </testcase><testcase classname="miniscala.test.CPSOptimizer_Greybox" name="testDCELetLiteral" time="0.003">
                                                 
                                               </testcase><testcase classname="miniscala.test.CPSOptimizer_Greybox" name="testDCEFunsSimple" time="0.003">
                                                 
                                               </testcase><testcase classname="miniscala.test.CPSOptimizer_Greybox" name="testFunInliningInsideFunctionBodySameLetRec" time="0.004">
                                                 
                                               </testcase><testcase classname="miniscala.test.CPSOptimizer_Greybox" name="testConstantFoldingBooleanOr" time="0.003">
                                                 
                                               </testcase><testcase classname="miniscala.test.CPSOptimizer_Greybox" name="testFunInliningCrasher" time="0.005">
                                                 
                                               </testcase><testcase classname="miniscala.test.CPSOptimizer_Greybox" name="testNeutralElementsSubZero" time="0.004">
                                                 
                                               </testcase>
                     <system-out><![CDATA[]]></system-out>
                     <system-err><![CDATA[]]></system-err>
                   </testsuite>